#
# There is insufficient memory for the Java Runtime Environment to continue.
# Native memory allocation (mmap) failed to map 199229440 bytes for G1 virtual space
# Possible reasons:
#   The system is out of physical RAM or swap space
#   The process is running with CompressedOops enabled, and the Java Heap may be blocking the growth of the native heap
# Possible solutions:
#   Reduce memory load on the system
#   Increase physical memory or swap space
#   Check if swap backing store is full
#   Decrease Java heap size (-Xmx/-Xms)
#   Decrease number of Java threads
#   Decrease Java thread stack sizes (-Xss)
#   Set larger code cache with -XX:ReservedCodeCacheSize=
#   JVM is running with Zero Based Compressed Oops mode in which the Java heap is
#     placed in the first 32GB address space. The Java Heap base address is the
#     maximum limit for the native heap growth. Please use -XX:HeapBaseMinAddress
#     to set the Java Heap base and to place the Java Heap above 32GB virtual address.
# This output file may be truncated or incomplete.
#
#  Out of Memory Error (os_windows.cpp:3557), pid=37340, tid=24344
#
# JRE version:  (17.0.6+10) (build )
# Java VM: OpenJDK 64-Bit Server VM (17.0.6+10-LTS, mixed mode, emulated-client, sharing, tiered, compressed oops, compressed class ptrs, g1 gc, windows-amd64)
# No core dump will be written. Minidumps are not enabled by default on client versions of Windows
#

---------------  S U M M A R Y ------------

Command Line: -XX:TieredStopAtLevel=1 -Xverify:none -Dspring.output.ansi.enabled=always -javaagent:C:\Program Files\JetBrains\IntelliJ IDEA 2021.1\lib\idea_rt.jar=8481:C:\Program Files\JetBrains\IntelliJ IDEA 2021.1\bin -Dfile.encoding=UTF-8 com.example.ussd1.Ussd1Application

Host: Intel(R) Core(TM) i5-1035G1 CPU @ 1.00GHz, 8 cores, 11G,  Windows 11 , 64 bit Build 22621 (10.0.22621.1194)
Time: Mon Feb 27 10:13:40 2023 South Africa Standard Time elapsed time: 0.027582 seconds (0d 0h 0m 0s)

---------------  T H R E A D  ---------------

Current thread (0x0000017171a2a0e0):  JavaThread "Unknown thread" [_thread_in_vm, id=24344, stack(0x000000012ee00000,0x000000012ef00000)]

Stack: [0x000000012ee00000,0x000000012ef00000]
Native frames: (J=compiled Java code, j=interpreted, Vv=VM code, C=native code)
V  [jvm.dll+0x64b39a]
V  [jvm.dll+0x7ff044]
V  [jvm.dll+0x8007fe]
V  [jvm.dll+0x800e53]
V  [jvm.dll+0x235848]
V  [jvm.dll+0x6482fa]
V  [jvm.dll+0x63ca0a]
V  [jvm.dll+0x2f3d59]
V  [jvm.dll+0x2faee6]
V  [jvm.dll+0x34755a]
V  [jvm.dll+0x34779f]
V  [jvm.dll+0x2ca128]
V  [jvm.dll+0x2cb0b9]
V  [jvm.dll+0x7d2751]
V  [jvm.dll+0x354a21]
V  [jvm.dll+0x7b2c9e]
V  [jvm.dll+0x3d16c3]
V  [jvm.dll+0x3d30c1]
C  [jli.dll+0x519f]
C  [ucrtbase.dll+0x29363]
C  [KERNEL32.DLL+0x126bd]
C  [ntdll.dll+0x5dfb8]


---------------  P R O C E S S  ---------------

Threads class SMR info:
_java_thread_list=0x00007ffce545b858, length=0, elements={
}

Java Threads: ( => current thread )

Other Threads:
  0x0000017171a81970 GCTaskThread "GC Thread#0" [stack: 0x000000012ef00000,0x000000012f000000] [id=26584]
  0x0000017171a8b740 ConcurrentGCThread "G1 Main Marker" [stack: 0x000000012f000000,0x000000012f100000] [id=34664]
  0x0000017171a8c990 ConcurrentGCThread "G1 Conc#0" [stack: 0x000000012f100000,0x000000012f200000] [id=57436]

[error occurred during error reporting (printing all threads), id 0xc0000005, EXCEPTION_ACCESS_VIOLATION (0xc0000005) at pc=0x00007ffce4c4b387]

VM state: not at safepoint (not fully initialized)

VM Mutex/Monitor currently owned by a thread:  ([mutex/lock_event])
[0x0000017171a254e0] Heap_lock - owner thread: 0x0000017171a2a0e0

Heap address: 0x0000000743a00000, size: 3014 MB, Compressed Oops mode: Zero based, Oop shift amount: 3

CDS archive(s) mapped at: [0x0000000000000000-0x0000000000000000-0x0000000000000000), size 0, SharedBaseAddress: 0x0000000800000000, ArchiveRelocationMode: 0.
Narrow klass base: 0x0000000000000000, Narrow klass shift: 0, Narrow klass range: 0x0

GC Precious Log:
<Empty>

Heap:
 garbage-first heap   total 0K, used 0K [0x0000000743a00000, 0x0000000800000000)
  region size 2048K, 0 young (0K), 0 survivors (0K)

[error occurred during error reporting (printing heap information), id 0xc0000005, EXCEPTION_ACCESS_VIOLATION (0xc0000005) at pc=0x00007ffce5012dd9]

GC Heap History (0 events):
No events

Dll operation events (1 events):
Event: 0.020 Loaded shared library C:\Users\Dell 2\.jdks\corretto-17.0.6\bin\java.dll

Deoptimization events (0 events):
No events

Classes unloaded (0 events):
No events

Classes redefined (0 events):
No events

Internal exceptions (0 events):
No events

VM Operations (0 events):
No events

Events (0 events):
No events


Dynamic libraries:
0x00007ff7ee850000 - 0x00007ff7ee85d000 	C:\Users\Dell 2\.jdks\corretto-17.0.6\bin\java.exe
0x00007ffd8cf70000 - 0x00007ffd8d184000 	C:\WINDOWS\SYSTEM32\ntdll.dll
0x00007ffd8b860000 - 0x00007ffd8b923000 	C:\WINDOWS\System32\KERNEL32.DLL
0x00007ffd8a970000 - 0x00007ffd8ad0c000 	C:\WINDOWS\System32\KERNELBASE.dll
0x00007ffd8a3b0000 - 0x00007ffd8a4c1000 	C:\WINDOWS\System32\ucrtbase.dll
0x00007ffd29f90000 - 0x00007ffd29fa7000 	C:\Users\Dell 2\.jdks\corretto-17.0.6\bin\jli.dll
0x00007ffd2d210000 - 0x00007ffd2d225000 	C:\Users\Dell 2\.jdks\corretto-17.0.6\bin\VCRUNTIME140.dll
0x00007ffd8c880000 - 0x00007ffd8ca2d000 	C:\WINDOWS\System32\USER32.dll
0x00007ffd8a940000 - 0x00007ffd8a966000 	C:\WINDOWS\System32\win32u.dll
0x00007ffd6e450000 - 0x00007ffd6e6de000 	C:\WINDOWS\WinSxS\amd64_microsoft.windows.common-controls_6595b64144ccf1df_6.0.22621.608_none_a9444ca7c10bb01d\COMCTL32.dll
0x00007ffd8ca30000 - 0x00007ffd8ca59000 	C:\WINDOWS\System32\GDI32.dll
0x00007ffd8b120000 - 0x00007ffd8b1c7000 	C:\WINDOWS\System32\msvcrt.dll
0x00007ffd8a4d0000 - 0x00007ffd8a5e2000 	C:\WINDOWS\System32\gdi32full.dll
0x00007ffd8a760000 - 0x00007ffd8a7fa000 	C:\WINDOWS\System32\msvcp_win.dll
0x00007ffd8ca80000 - 0x00007ffd8cab2000 	C:\WINDOWS\System32\IMM32.DLL
0x00007ffce98f0000 - 0x00007ffce998b000 	C:\Users\Dell 2\.jdks\corretto-17.0.6\bin\msvcp140.dll
0x00007ffce4970000 - 0x00007ffce5588000 	C:\Users\Dell 2\.jdks\corretto-17.0.6\bin\server\jvm.dll
0x00007ffd8c350000 - 0x00007ffd8c3fe000 	C:\WINDOWS\System32\ADVAPI32.dll
0x00007ffd8aeb0000 - 0x00007ffd8af54000 	C:\WINDOWS\System32\sechost.dll
0x00007ffd8b6a0000 - 0x00007ffd8b7b5000 	C:\WINDOWS\System32\RPCRT4.dll
0x00007ffd729e0000 - 0x00007ffd729e9000 	C:\WINDOWS\SYSTEM32\WSOCK32.dll
0x00007ffd82790000 - 0x00007ffd827c4000 	C:\WINDOWS\SYSTEM32\WINMM.dll
0x00007ffd8b0a0000 - 0x00007ffd8b111000 	C:\WINDOWS\System32\WS2_32.dll
0x00007ffd825f0000 - 0x00007ffd825fa000 	C:\WINDOWS\SYSTEM32\VERSION.dll
0x00007ffd893c0000 - 0x00007ffd893d8000 	C:\WINDOWS\SYSTEM32\kernel.appcore.dll
0x00007ffd85240000 - 0x00007ffd8524a000 	C:\Users\Dell 2\.jdks\corretto-17.0.6\bin\jimage.dll
0x00007ffd87d70000 - 0x00007ffd87f9e000 	C:\WINDOWS\SYSTEM32\DBGHELP.DLL
0x00007ffd8c410000 - 0x00007ffd8c79a000 	C:\WINDOWS\System32\combase.dll
0x00007ffd8af60000 - 0x00007ffd8b037000 	C:\WINDOWS\System32\OLEAUT32.dll
0x00007ffd738d0000 - 0x00007ffd73902000 	C:\WINDOWS\SYSTEM32\dbgcore.DLL
0x00007ffd8a8c0000 - 0x00007ffd8a93b000 	C:\WINDOWS\System32\bcryptPrimitives.dll
0x00007ffd68170000 - 0x00007ffd6817e000 	C:\Users\Dell 2\.jdks\corretto-17.0.6\bin\instrument.dll
0x00007ffd1bfd0000 - 0x00007ffd1bff5000 	C:\Users\Dell 2\.jdks\corretto-17.0.6\bin\java.dll

dbghelp: loaded successfully - version: 4.0.5 - missing functions: none
symbol engine: initialized successfully - sym options: 0x614 - pdb path: .;C:\Users\Dell 2\.jdks\corretto-17.0.6\bin;C:\WINDOWS\SYSTEM32;C:\WINDOWS\WinSxS\amd64_microsoft.windows.common-controls_6595b64144ccf1df_6.0.22621.608_none_a9444ca7c10bb01d;C:\Users\Dell 2\.jdks\corretto-17.0.6\bin\server

VM Arguments:
jvm_args: -XX:TieredStopAtLevel=1 -Xverify:none -Dspring.output.ansi.enabled=always -javaagent:C:\Program Files\JetBrains\IntelliJ IDEA 2021.1\lib\idea_rt.jar=8481:C:\Program Files\JetBrains\IntelliJ IDEA 2021.1\bin -Dfile.encoding=UTF-8 
java_command: com.example.ussd1.Ussd1Application
java_class_path (initial): C:\Users\Dell 2\Documents\ussd-finale\target\test-classes;C:\Users\Dell 2\Documents\ussd-finale\target\classes;C:\Users\Dell 2\.m2\repository\org\springframework\boot\spring-boot-starter-web\3.0.0\spring-boot-starter-web-3.0.0.jar;C:\Users\Dell 2\.m2\repository\org\springframework\boot\spring-boot-starter\3.0.0\spring-boot-starter-3.0.0.jar;C:\Users\Dell 2\.m2\repository\org\springframework\boot\spring-boot\3.0.0\spring-boot-3.0.0.jar;C:\Users\Dell 2\.m2\repository\org\springframework\boot\spring-boot-autoconfigure\3.0.0\spring-boot-autoconfigure-3.0.0.jar;C:\Users\Dell 2\.m2\repository\org\springframework\boot\spring-boot-starter-logging\3.0.0\spring-boot-starter-logging-3.0.0.jar;C:\Users\Dell 2\.m2\repository\ch\qos\logback\logback-classic\1.4.5\logback-classic-1.4.5.jar;C:\Users\Dell 2\.m2\repository\ch\qos\logback\logback-core\1.4.5\logback-core-1.4.5.jar;C:\Users\Dell 2\.m2\repository\org\apache\logging\log4j\log4j-to-slf4j\2.19.0\log4j-to-slf4j-2.19.0.jar;C:\Users\Dell 2\.m2\repository\org\apache\logging\log4j\log4j-api\2.19.0\log4j-api-2.19.0.jar;C:\Users\Dell 2\.m2\repository\org\slf4j\jul-to-slf4j\2.0.4\jul-to-slf4j-2.0.4.jar;C:\Users\Dell 2\.m2\repository\jakarta\annotation\jakarta.annotation-api\2.1.1\jakarta.annotation-api-2.1.1.jar;C:\Users\Dell 2\.m2\repository\org\yaml\snakeyaml\1.33\snakeyaml-1.33.jar;C:\Users\Dell 2\.m2\repository\org\springframework\boot\spring-boot-starter-json\3.0.0\spring-boot-starter-json-3.0.0.jar;C:\Users\Dell 2\.m2\repository\com\fasterxml\jackson\core\jackson-databind\2.14.1\jackson-databind-2.14.1.jar;C:\Users\Dell 2\.m2\repository\com\fasterxml\jackson\core\jackson-annotations\2.14.1\jackson-annotations-2.14.1.jar;C:\Users\Dell 2\.m2\repository\com\fasterxml\jackson\core\jackson-core\2.14.1\jackson-core-2.14.1.jar;C:\Users\Dell 2\.m2\repository\com\fasterxml\jackson\datatype\jackson-datatype-jdk8\2.14.1\jackson-datatype-jdk8-2.14.1.jar;C:\Users\Dell 2\.m2\repository\com\fasterxml\jackson\data
Launcher Type: SUN_STANDARD

[Global flags]
     intx CICompilerCount                          = 4                                         {product} {ergonomic}
     uint ConcGCThreads                            = 2                                         {product} {ergonomic}
     uint G1ConcRefinementThreads                  = 8                                         {product} {ergonomic}
   size_t G1HeapRegionSize                         = 2097152                                   {product} {ergonomic}
    uintx GCDrainStackTargetSize                   = 64                                        {product} {ergonomic}
   size_t InitialHeapSize                          = 199229440                                 {product} {ergonomic}
   size_t MarkStackSize                            = 4194304                                   {product} {ergonomic}
   size_t MaxHeapSize                              = 3160408064                                {product} {ergonomic}
   size_t MinHeapDeltaBytes                        = 2097152                                   {product} {ergonomic}
   size_t MinHeapSize                              = 8388608                                   {product} {ergonomic}
    uintx NonProfiledCodeHeapSize                  = 0                                      {pd product} {ergonomic}
     bool ProfileInterpreter                       = false                                  {pd product} {command line}
    uintx ProfiledCodeHeapSize                     = 0                                      {pd product} {ergonomic}
   size_t SoftMaxHeapSize                          = 3160408064                             {manageable} {ergonomic}
     intx TieredStopAtLevel                        = 1                                         {product} {command line}
     bool UseCompressedClassPointers               = true                           {product lp64_product} {ergonomic}
     bool UseCompressedOops                        = true                           {product lp64_product} {ergonomic}
     bool UseG1GC                                  = true                                      {product} {ergonomic}
     bool UseLargePagesIndividualAllocation        = false                                  {pd product} {ergonomic}

Logging:
Log output configuration:
 #0: stdout all=warning uptime,level,tags
 #1: stderr all=off uptime,level,tags

Environment Variables:
JAVA_HOME=C:\Program Files\Java\jdk-11.0.13
PATH=C:\Python310\Scripts\;C:\Python310\;C:\WINDOWS\system32;C:\WINDOWS;C:\WINDOWS\System32\Wbem;C:\WINDOWS\System32\WindowsPowerShell\v1.0\;C:\WINDOWS\System32\OpenSSH\;c:\Program Files (x86)\Microsoft SQL Server\100\Tools\Binn\;c:\Program Files\Microsoft SQL Server\100\Tools\Binn\;c:\Program Files\Microsoft SQL Server\100\DTS\Binn\;C:\Program Files\Git\cmd;C:\Program Files\Java\jdk-11.0.13\bin;C:\Users\Dell 2\AppData\Local\Android\Flutter\SDK\bin;C:\Program Files\Microsoft\Web Platform Installer\;C:\Program Files (x86)\Microsoft ASP.NET\ASP.NET Web Pages\v1.0\;C:\Program Files\Microsoft SQL Server\110\Tools\Binn\;C:\ProgramData\chocolatey\bin;C:\Program Files\nodejs\;C:\Program Files\Microsoft VS Code\bin;C:\Users\Dell 2\AppData\Roaming\npm;C:\Program Files\dotnet\;c:\Program Files (x86)\Microsoft SQL Server\100\Tools\Binn\VSShell\Common7\IDE\;c:\Program Files (x86)\Microsoft SQL Server\100\DTS\Binn\;C:\Program Files (x86)\HP\Common\HPDestPlgIn\;C:\Program Files (x86)\HP\IdrsOCR_15.3.1129.0\;C:\Program Files\MySQL\MySQL Shell 8.0\bin\;C:\Users\Dell 2\AppData\Local\Microsoft\WindowsApps;C:\Program Files\JetBrains\IntelliJ IDEA 2021.1\bin;;C:\Program Files\Java\jdk-11.0.13\bin;C:\Program Files\heroku\bin;C:\Users\Dell 2\AppData\Local\Android\Sdk\platform-tools;C:\Users\Dell 2\AppData\Roaming\npm;C:\tools\dart-sdk\bin;C:\Users\Dell 2\AppData\Roaming\Pub\Cache\bin;C:\Program Files\JetBrains\PyCharm Community Edition 2022.2.2\bin;;C:\Program Files (x86)\HP\Common\HPDestPlgIn\;C:\Users\Dell 2\AppData\Local\Android\Flutter\SDK\bin;
USERNAME=Dell 2
OS=Windows_NT
PROCESSOR_IDENTIFIER=Intel64 Family 6 Model 126 Stepping 5, GenuineIntel
TMP=C:\Users\DELL2~1\AppData\Local\Temp
TEMP=C:\Users\DELL2~1\AppData\Local\Temp



---------------  S Y S T E M  ---------------

OS:
 Windows 11 , 64 bit Build 22621 (10.0.22621.1194)
OS uptime: 4 days 14:34 hours
Hyper-V role detected

CPU: total 8 (initial active 8) (4 cores per cpu, 2 threads per core) family 6 model 126 stepping 5 microcode 0xb2, cx8, cmov, fxsr, ht, mmx, 3dnowpref, sse, sse2, sse3, ssse3, sse4.1, sse4.2, popcnt, lzcnt, tsc, tscinvbit, avx, avx2, aes, erms, clmul, bmi1, bmi2, adx, avx512f, avx512dq, avx512cd, avx512bw, avx512vl, sha, fma, vzeroupper, avx512_vpopcntdq, avx512_vpclmulqdq, avx512_vaes, avx512_vnni, clflush, clflushopt, avx512_vbmi2, avx512_vbmi, hv

Memory: 4k page, system-wide physical 12054M (812M free)
TotalPageFile size 33667M (AvailPageFile size 154M)
current process WorkingSet (physical memory assigned to process): 11M, peak: 11M
current process commit charge ("private bytes"): 55M, peak: 245M

vm_info: OpenJDK 64-Bit Server VM (17.0.6+10-LTS) for windows-amd64 JRE (17.0.6+10-LTS), built on Jan 13 2023 22:57:04 by "Administrator" with MS VC++ 15.9 (VS2017)

END.
